<?xml version="1.0" encoding="UTF-8"?>
<!-- Generated by org.testng.reporters.JUnitXMLReporter -->
<testsuite hostname="LAPTOP-6FBL8RKQ" ignored="0" name="Registro Nuevos Clientes - Chrome" tests="8" failures="1" timestamp="2021-08-23T11:39:05 CST" time="154.013" errors="0">
  <testcase name="Test_CanCreateNewAccounts" time="4.02" classname="selenium.TestAccount"/>
  <testcase name="Test_CanCreateNewAccounts" time="3.33" classname="selenium.TestAccount"/>
  <testcase name="Test_CanCreateNewAccounts" time="7.693" classname="selenium.TestAccount"/>
  <testcase name="Test_Create_New_Account" time="4.163" classname="selenium.TestAccount"/>
  <testcase name="Test_Login_Successful" time="5.955" classname="selenium.TestAccount"/>
  <testcase name="Test_Login_Unsuccessful" time="0.034" classname="selenium.TestAccount">
    <failure type="org.openqa.selenium.NoSuchSessionException" message="Session ID is null. Using WebDriver after calling quit()?
Build info: version: &amp;apos;3.141.59&amp;apos;, revision: &amp;apos;e82be7d358&amp;apos;, time: &amp;apos;2018-11-14T08:17:03&amp;apos;
System info: host: &amp;apos;LAPTOP-6FBL8RKQ&amp;apos;, ip: &amp;apos;192.168.1.3&amp;apos;, os.name: &amp;apos;Windows 10&amp;apos;, os.arch: &amp;apos;amd64&amp;apos;, os.version: &amp;apos;10.0&amp;apos;, java.version: &amp;apos;1.8.0_301&amp;apos;
Driver info: driver.version: RemoteWebDriver">
      <![CDATA[org.openqa.selenium.NoSuchSessionException: Session ID is null. Using WebDriver after calling quit()?
Build info: version: '3.141.59', revision: 'e82be7d358', time: '2018-11-14T08:17:03'
System info: host: 'LAPTOP-6FBL8RKQ', ip: '192.168.1.3', os.name: 'Windows 10', os.arch: 'amd64', os.version: '10.0', java.version: '1.8.0_301'
Driver info: driver.version: RemoteWebDriver
at org.openqa.selenium.remote.HttpCommandExecutor.execute(HttpCommandExecutor.java:125)
at org.openqa.selenium.remote.service.DriverCommandExecutor.execute(DriverCommandExecutor.java:83)
at org.openqa.selenium.remote.RemoteWebDriver.execute(RemoteWebDriver.java:552)
at org.openqa.selenium.remote.RemoteWebDriver.findElement(RemoteWebDriver.java:323)
at org.openqa.selenium.remote.RemoteWebDriver.findElementByXPath(RemoteWebDriver.java:428)
at org.openqa.selenium.By$ByXPath.findElement(By.java:353)
at org.openqa.selenium.remote.RemoteWebDriver.findElement(RemoteWebDriver.java:315)
at PageObjects.HeaderPage.clickOnMyAccount(HeaderPage.java:40)
at PageObjects.LoginPage.GoTo(LoginPage.java:35)
at selenium.TestAccount.Test_Login_Unsuccessful(TestAccount.java:58)
at java.util.ArrayList.forEach(ArrayList.java:1259)
... Removed 31 stack frames]]>
    </failure>
  </testcase> <!-- Test_Login_Unsuccessful -->
  <testcase name="Test_Login_With_Data" time="4.286" classname="selenium.TestAccount"/>
  <testcase name="Test_Login_With_Data" time="4.134" classname="selenium.TestAccount"/>
</testsuite> <!-- Registro Nuevos Clientes - Chrome -->
